2022-01-28 11:08:45,768 - org.apache.log4j.helpers.Loader - INFO - 7136-DB Connected. Bot Initiated Successfully....
2022-01-28 11:08:46,215 - org.apache.log4j.helpers.Loader - INFO - {"pid":7136,"bot_name":"DomainValidator - V1.0","time":"01282022110845IST","stage":"Bot Initiation","status":"0","logMessage":"DB Connected. Bot Initiated Successfully.... ","processed_IP":null,"ref_id":null,"batchId":null,"access_Token":null,"uid":null,"batchName":null,"site_id":null,"platform_Response":null}
2022-01-28 11:08:46,547 - org.apache.log4j.helpers.Loader - INFO - 7136-Process Started Successfully....
2022-01-28 11:08:46,562 - org.apache.log4j.helpers.Loader - INFO - {"pid":7136,"bot_name":"DomainValidator - V1.0","time":"01282022110846IST","stage":"In Progress","status":"0","logMessage":"Process in Execution Successfully.... ","processed_IP":null,"ref_id":null,"batchId":null,"access_Token":null,"uid":null,"batchName":null,"site_id":null,"platform_Response":null}
2022-01-28 11:08:47,951 - org.apache.log4j.helpers.Loader - INFO - 7136-Status 1 Updated for Domain Input Table in DomainInput
2022-01-28 11:08:47,966 - org.apache.log4j.helpers.Loader - INFO - {"pid":7136,"bot_name":"DomainValidator - V1.0","time":"01282022110847IST","stage":"In Progress ","status":"0","logMessage":"Status 1 Updated for Domain Input Table in DomainInput","processed_IP":null,"ref_id":null,"batchId":null,"access_Token":null,"uid":null,"batchName":null,"site_id":null,"platform_Response":null}
2022-01-28 11:08:47,966 - org.apache.log4j.helpers.Loader - INFO - 7136-Process Started Successfully....
2022-01-28 11:08:47,966 - org.apache.log4j.helpers.Loader - INFO - {"pid":7136,"bot_name":"DomainValidator - V1.0","time":"01282022110847IST","stage":"In Progress","status":"0","logMessage":"Process in Execution Successfully.... ","processed_IP":null,"ref_id":null,"batchId":null,"access_Token":null,"uid":null,"batchName":null,"site_id":null,"platform_Response":null}
2022-01-28 11:08:52,214 - org.apache.log4j.helpers.Loader - INFO - 7136-Status 1 Updated for Domain Input Table in DomainInput
2022-01-28 11:08:52,214 - org.apache.log4j.helpers.Loader - INFO - {"pid":7136,"bot_name":"DomainValidator - V1.0","time":"01282022110852IST","stage":"In Progress ","status":"0","logMessage":"Status 1 Updated for Domain Input Table in DomainInput","processed_IP":null,"ref_id":null,"batchId":null,"access_Token":null,"uid":null,"batchName":null,"site_id":null,"platform_Response":null}
2022-01-28 11:08:52,214 - org.apache.log4j.helpers.Loader - INFO - 7136-Process Started Successfully....
2022-01-28 11:08:52,214 - org.apache.log4j.helpers.Loader - INFO - {"pid":7136,"bot_name":"DomainValidator - V1.0","time":"01282022110852IST","stage":"In Progress","status":"0","logMessage":"Process in Execution Successfully.... ","processed_IP":null,"ref_id":null,"batchId":null,"access_Token":null,"uid":null,"batchName":null,"site_id":null,"platform_Response":null}
2022-01-28 11:08:53,549 - htmlparser.HttpURLParser - ERROR - getHttpURLContent()
java.io.IOException: Server returned HTTP response code: 500 for URL: http://www.cragofarms.com
	at sun.reflect.NativeConstructorAccessorImpl.newInstance0(Native Method)
	at sun.reflect.NativeConstructorAccessorImpl.newInstance(NativeConstructorAccessorImpl.java:62)
	at sun.reflect.DelegatingConstructorAccessorImpl.newInstance(DelegatingConstructorAccessorImpl.java:45)
	at java.lang.reflect.Constructor.newInstance(Constructor.java:423)
	at sun.net.www.protocol.http.HttpURLConnection$10.run(HttpURLConnection.java:1967)
	at sun.net.www.protocol.http.HttpURLConnection$10.run(HttpURLConnection.java:1962)
	at java.security.AccessController.doPrivileged(Native Method)
	at sun.net.www.protocol.http.HttpURLConnection.getChainedException(HttpURLConnection.java:1961)
	at sun.net.www.protocol.http.HttpURLConnection.getInputStream0(HttpURLConnection.java:1521)
	at sun.net.www.protocol.http.HttpURLConnection.getInputStream(HttpURLConnection.java:1505)
	at htmlparser.HttpURLParser.getHttpURLContent(HttpURLParser.java:95)
	at domainvalidator.WOUTTHR.manage(WOUTTHR.java:112)
	at domainvalidator.DomainValidator.main(DomainValidator.java:278)
Caused by: java.io.IOException: Server returned HTTP response code: 500 for URL: http://www.cragofarms.com
	at sun.net.www.protocol.http.HttpURLConnection.getInputStream0(HttpURLConnection.java:1917)
	at sun.net.www.protocol.http.HttpURLConnection.getInputStream(HttpURLConnection.java:1505)
	at java.net.HttpURLConnection.getResponseCode(HttpURLConnection.java:480)
	at htmlparser.HttpURLParser.getHttpURLContent(HttpURLParser.java:81)
	... 2 more
2022-01-28 11:08:53,565 - org.apache.log4j.helpers.Loader - INFO - 7136-Status 2 Updated for Domain Input Table in DomainInput
2022-01-28 11:08:53,580 - org.apache.log4j.helpers.Loader - INFO - {"pid":7136,"bot_name":"DomainValidator - V1.0","time":"01282022110853IST","stage":"In Progress ","status":"0","logMessage":"Status 2 Updated for Domain Input Table in DomainInput","processed_IP":null,"ref_id":null,"batchId":null,"access_Token":null,"uid":null,"batchName":null,"site_id":null,"platform_Response":null}
2022-01-28 11:08:53,580 - org.apache.log4j.helpers.Loader - INFO - 7136-Process Started Successfully....
2022-01-28 11:08:53,596 - org.apache.log4j.helpers.Loader - INFO - {"pid":7136,"bot_name":"DomainValidator - V1.0","time":"01282022110853IST","stage":"In Progress","status":"0","logMessage":"Process in Execution Successfully.... ","processed_IP":null,"ref_id":null,"batchId":null,"access_Token":null,"uid":null,"batchName":null,"site_id":null,"platform_Response":null}
2022-01-28 11:08:57,825 - org.apache.log4j.helpers.Loader - INFO - 7136-Status 1 Updated for Domain Input Table in DomainInput
2022-01-28 11:08:57,832 - org.apache.log4j.helpers.Loader - INFO - {"pid":7136,"bot_name":"DomainValidator - V1.0","time":"01282022110857IST","stage":"In Progress ","status":"0","logMessage":"Status 1 Updated for Domain Input Table in DomainInput","processed_IP":null,"ref_id":null,"batchId":null,"access_Token":null,"uid":null,"batchName":null,"site_id":null,"platform_Response":null}
2022-01-28 11:08:57,832 - org.apache.log4j.helpers.Loader - INFO - 7136-Process Started Successfully....
2022-01-28 11:08:57,832 - org.apache.log4j.helpers.Loader - INFO - {"pid":7136,"bot_name":"DomainValidator - V1.0","time":"01282022110857IST","stage":"In Progress","status":"0","logMessage":"Process in Execution Successfully.... ","processed_IP":null,"ref_id":null,"batchId":null,"access_Token":null,"uid":null,"batchName":null,"site_id":null,"platform_Response":null}
2022-01-28 11:08:59,035 - org.apache.log4j.helpers.Loader - INFO - 7136-Status 1 Updated for Domain Input Table in DomainInput
2022-01-28 11:08:59,051 - org.apache.log4j.helpers.Loader - INFO - {"pid":7136,"bot_name":"DomainValidator - V1.0","time":"01282022110859IST","stage":"In Progress ","status":"0","logMessage":"Status 1 Updated for Domain Input Table in DomainInput","processed_IP":null,"ref_id":null,"batchId":null,"access_Token":null,"uid":null,"batchName":null,"site_id":null,"platform_Response":null}
2022-01-28 11:08:59,051 - org.apache.log4j.helpers.Loader - INFO - 7136-Process Started Successfully....
2022-01-28 11:08:59,051 - org.apache.log4j.helpers.Loader - INFO - {"pid":7136,"bot_name":"DomainValidator - V1.0","time":"01282022110859IST","stage":"In Progress","status":"0","logMessage":"Process in Execution Successfully.... ","processed_IP":null,"ref_id":null,"batchId":null,"access_Token":null,"uid":null,"batchName":null,"site_id":null,"platform_Response":null}
2022-01-28 11:09:01,102 - org.apache.log4j.helpers.Loader - INFO - 7136-Status 1 Updated for Domain Input Table in DomainInput
2022-01-28 11:09:01,102 - org.apache.log4j.helpers.Loader - INFO - {"pid":7136,"bot_name":"DomainValidator - V1.0","time":"01282022110901IST","stage":"In Progress ","status":"0","logMessage":"Status 1 Updated for Domain Input Table in DomainInput","processed_IP":null,"ref_id":null,"batchId":null,"access_Token":null,"uid":null,"batchName":null,"site_id":null,"platform_Response":null}
2022-01-28 11:09:01,102 - org.apache.log4j.helpers.Loader - INFO - 7136-Process Started Successfully....
2022-01-28 11:09:01,102 - org.apache.log4j.helpers.Loader - INFO - {"pid":7136,"bot_name":"DomainValidator - V1.0","time":"01282022110901IST","stage":"In Progress","status":"0","logMessage":"Process in Execution Successfully.... ","processed_IP":null,"ref_id":null,"batchId":null,"access_Token":null,"uid":null,"batchName":null,"site_id":null,"platform_Response":null}
2022-01-28 11:09:02,506 - org.apache.log4j.helpers.Loader - INFO - 7136-Status 1 Updated for Domain Input Table in DomainInput
2022-01-28 11:09:02,506 - org.apache.log4j.helpers.Loader - INFO - {"pid":7136,"bot_name":"DomainValidator - V1.0","time":"01282022110902IST","stage":"In Progress ","status":"0","logMessage":"Status 1 Updated for Domain Input Table in DomainInput","processed_IP":null,"ref_id":null,"batchId":null,"access_Token":null,"uid":null,"batchName":null,"site_id":null,"platform_Response":null}
2022-01-28 11:09:02,506 - org.apache.log4j.helpers.Loader - INFO - 7136-Process Started Successfully....
2022-01-28 11:09:02,506 - org.apache.log4j.helpers.Loader - INFO - {"pid":7136,"bot_name":"DomainValidator - V1.0","time":"01282022110902IST","stage":"In Progress","status":"0","logMessage":"Process in Execution Successfully.... ","processed_IP":null,"ref_id":null,"batchId":null,"access_Token":null,"uid":null,"batchName":null,"site_id":null,"platform_Response":null}
2022-01-28 11:09:03,826 - org.apache.log4j.helpers.Loader - INFO - 7136-Status 1 Updated for Domain Input Table in DomainInput
2022-01-28 11:09:03,826 - org.apache.log4j.helpers.Loader - INFO - {"pid":7136,"bot_name":"DomainValidator - V1.0","time":"01282022110903IST","stage":"In Progress ","status":"0","logMessage":"Status 1 Updated for Domain Input Table in DomainInput","processed_IP":null,"ref_id":null,"batchId":null,"access_Token":null,"uid":null,"batchName":null,"site_id":null,"platform_Response":null}
2022-01-28 11:09:03,826 - org.apache.log4j.helpers.Loader - INFO - 7136-Process Started Successfully....
2022-01-28 11:09:03,826 - org.apache.log4j.helpers.Loader - INFO - {"pid":7136,"bot_name":"DomainValidator - V1.0","time":"01282022110903IST","stage":"In Progress","status":"0","logMessage":"Process in Execution Successfully.... ","processed_IP":null,"ref_id":null,"batchId":null,"access_Token":null,"uid":null,"batchName":null,"site_id":null,"platform_Response":null}
2022-01-28 11:09:05,129 - org.apache.log4j.helpers.Loader - INFO - 7136-Status 1 Updated for Domain Input Table in DomainInput
2022-01-28 11:09:05,129 - org.apache.log4j.helpers.Loader - INFO - {"pid":7136,"bot_name":"DomainValidator - V1.0","time":"01282022110905IST","stage":"In Progress ","status":"0","logMessage":"Status 1 Updated for Domain Input Table in DomainInput","processed_IP":null,"ref_id":null,"batchId":null,"access_Token":null,"uid":null,"batchName":null,"site_id":null,"platform_Response":null}
2022-01-28 11:09:05,129 - org.apache.log4j.helpers.Loader - INFO - 7136-Process Started Successfully....
2022-01-28 11:09:05,129 - org.apache.log4j.helpers.Loader - INFO - {"pid":7136,"bot_name":"DomainValidator - V1.0","time":"01282022110905IST","stage":"In Progress","status":"0","logMessage":"Process in Execution Successfully.... ","processed_IP":null,"ref_id":null,"batchId":null,"access_Token":null,"uid":null,"batchName":null,"site_id":null,"platform_Response":null}
2022-01-28 11:09:08,693 - org.apache.log4j.helpers.Loader - INFO - 7136-Status 1 Updated for Domain Input Table in DomainInput
2022-01-28 11:09:08,693 - org.apache.log4j.helpers.Loader - INFO - {"pid":7136,"bot_name":"DomainValidator - V1.0","time":"01282022110908IST","stage":"In Progress ","status":"0","logMessage":"Status 1 Updated for Domain Input Table in DomainInput","processed_IP":null,"ref_id":null,"batchId":null,"access_Token":null,"uid":null,"batchName":null,"site_id":null,"platform_Response":null}
2022-01-28 11:09:08,709 - org.apache.log4j.helpers.Loader - INFO - 7136-Process Started Successfully....
2022-01-28 11:09:08,709 - org.apache.log4j.helpers.Loader - INFO - {"pid":7136,"bot_name":"DomainValidator - V1.0","time":"01282022110908IST","stage":"In Progress","status":"0","logMessage":"Process in Execution Successfully.... ","processed_IP":null,"ref_id":null,"batchId":null,"access_Token":null,"uid":null,"batchName":null,"site_id":null,"platform_Response":null}
2022-01-28 11:09:13,472 - org.apache.log4j.helpers.Loader - INFO - 7136-Status 1 Updated for Domain Input Table in DomainInput
2022-01-28 11:09:13,472 - org.apache.log4j.helpers.Loader - INFO - {"pid":7136,"bot_name":"DomainValidator - V1.0","time":"01282022110913IST","stage":"In Progress ","status":"0","logMessage":"Status 1 Updated for Domain Input Table in DomainInput","processed_IP":null,"ref_id":null,"batchId":null,"access_Token":null,"uid":null,"batchName":null,"site_id":null,"platform_Response":null}
2022-01-28 11:09:13,472 - org.apache.log4j.helpers.Loader - INFO - 7136-Process Started Successfully....
2022-01-28 11:09:13,478 - org.apache.log4j.helpers.Loader - INFO - {"pid":7136,"bot_name":"DomainValidator - V1.0","time":"01282022110913IST","stage":"In Progress","status":"0","logMessage":"Process in Execution Successfully.... ","processed_IP":null,"ref_id":null,"batchId":null,"access_Token":null,"uid":null,"batchName":null,"site_id":null,"platform_Response":null}
2022-01-28 11:09:18,010 - org.apache.log4j.helpers.Loader - INFO - 7136-Status 1 Updated for Domain Input Table in DomainInput
2022-01-28 11:09:18,010 - org.apache.log4j.helpers.Loader - INFO - {"pid":7136,"bot_name":"DomainValidator - V1.0","time":"01282022110918IST","stage":"In Progress ","status":"0","logMessage":"Status 1 Updated for Domain Input Table in DomainInput","processed_IP":null,"ref_id":null,"batchId":null,"access_Token":null,"uid":null,"batchName":null,"site_id":null,"platform_Response":null}
2022-01-28 11:09:18,010 - org.apache.log4j.helpers.Loader - INFO - 7136-Process Started Successfully....
2022-01-28 11:09:18,010 - org.apache.log4j.helpers.Loader - INFO - {"pid":7136,"bot_name":"DomainValidator - V1.0","time":"01282022110918IST","stage":"In Progress","status":"0","logMessage":"Process in Execution Successfully.... ","processed_IP":null,"ref_id":null,"batchId":null,"access_Token":null,"uid":null,"batchName":null,"site_id":null,"platform_Response":null}
2022-01-28 11:09:21,807 - org.apache.log4j.helpers.Loader - INFO - 7136-Status 1 Updated for Domain Input Table in DomainInput
2022-01-28 11:09:21,807 - org.apache.log4j.helpers.Loader - INFO - {"pid":7136,"bot_name":"DomainValidator - V1.0","time":"01282022110921IST","stage":"In Progress ","status":"0","logMessage":"Status 1 Updated for Domain Input Table in DomainInput","processed_IP":null,"ref_id":null,"batchId":null,"access_Token":null,"uid":null,"batchName":null,"site_id":null,"platform_Response":null}
2022-01-28 11:09:21,807 - org.apache.log4j.helpers.Loader - INFO - 7136-Process Started Successfully....
2022-01-28 11:09:21,807 - org.apache.log4j.helpers.Loader - INFO - {"pid":7136,"bot_name":"DomainValidator - V1.0","time":"01282022110921IST","stage":"In Progress","status":"0","logMessage":"Process in Execution Successfully.... ","processed_IP":null,"ref_id":null,"batchId":null,"access_Token":null,"uid":null,"batchName":null,"site_id":null,"platform_Response":null}
2022-01-28 11:09:23,627 - org.apache.log4j.helpers.Loader - INFO - 7136-Status 1 Updated for Domain Input Table in DomainInput
2022-01-28 11:09:23,627 - org.apache.log4j.helpers.Loader - INFO - {"pid":7136,"bot_name":"DomainValidator - V1.0","time":"01282022110923IST","stage":"In Progress ","status":"0","logMessage":"Status 1 Updated for Domain Input Table in DomainInput","processed_IP":null,"ref_id":null,"batchId":null,"access_Token":null,"uid":null,"batchName":null,"site_id":null,"platform_Response":null}
2022-01-28 11:09:23,627 - org.apache.log4j.helpers.Loader - INFO - 7136-Process Started Successfully....
2022-01-28 11:09:23,643 - org.apache.log4j.helpers.Loader - INFO - {"pid":7136,"bot_name":"DomainValidator - V1.0","time":"01282022110923IST","stage":"In Progress","status":"0","logMessage":"Process in Execution Successfully.... ","processed_IP":null,"ref_id":null,"batchId":null,"access_Token":null,"uid":null,"batchName":null,"site_id":null,"platform_Response":null}
2022-01-28 11:09:28,089 - org.apache.log4j.helpers.Loader - INFO - 7136-Status 1 Updated for Domain Input Table in DomainInput
2022-01-28 11:09:28,089 - org.apache.log4j.helpers.Loader - INFO - {"pid":7136,"bot_name":"DomainValidator - V1.0","time":"01282022110928IST","stage":"In Progress ","status":"0","logMessage":"Status 1 Updated for Domain Input Table in DomainInput","processed_IP":null,"ref_id":null,"batchId":null,"access_Token":null,"uid":null,"batchName":null,"site_id":null,"platform_Response":null}
2022-01-28 11:09:28,089 - org.apache.log4j.helpers.Loader - INFO - 7136-Process Started Successfully....
2022-01-28 11:09:28,089 - org.apache.log4j.helpers.Loader - INFO - {"pid":7136,"bot_name":"DomainValidator - V1.0","time":"01282022110928IST","stage":"In Progress","status":"0","logMessage":"Process in Execution Successfully.... ","processed_IP":null,"ref_id":null,"batchId":null,"access_Token":null,"uid":null,"batchName":null,"site_id":null,"platform_Response":null}
2022-01-28 11:09:34,626 - org.apache.log4j.helpers.Loader - INFO - 7136-Status 1 Updated for Domain Input Table in DomainInput
2022-01-28 11:09:34,626 - org.apache.log4j.helpers.Loader - INFO - {"pid":7136,"bot_name":"DomainValidator - V1.0","time":"01282022110934IST","stage":"In Progress ","status":"0","logMessage":"Status 1 Updated for Domain Input Table in DomainInput","processed_IP":null,"ref_id":null,"batchId":null,"access_Token":null,"uid":null,"batchName":null,"site_id":null,"platform_Response":null}
2022-01-28 11:09:34,626 - org.apache.log4j.helpers.Loader - INFO - 7136-Process Started Successfully....
2022-01-28 11:09:34,626 - org.apache.log4j.helpers.Loader - INFO - {"pid":7136,"bot_name":"DomainValidator - V1.0","time":"01282022110934IST","stage":"In Progress","status":"0","logMessage":"Process in Execution Successfully.... ","processed_IP":null,"ref_id":null,"batchId":null,"access_Token":null,"uid":null,"batchName":null,"site_id":null,"platform_Response":null}
2022-01-28 11:09:40,732 - htmlparser.HttpURLParser - ERROR - getHttpURLContent()
java.net.SocketTimeoutException: connect timed out
	at java.net.DualStackPlainSocketImpl.waitForConnect(Native Method)
	at java.net.DualStackPlainSocketImpl.socketConnect(DualStackPlainSocketImpl.java:85)
	at java.net.AbstractPlainSocketImpl.doConnect(AbstractPlainSocketImpl.java:350)
	at java.net.AbstractPlainSocketImpl.connectToAddress(AbstractPlainSocketImpl.java:206)
	at java.net.AbstractPlainSocketImpl.connect(AbstractPlainSocketImpl.java:188)
	at java.net.PlainSocketImpl.connect(PlainSocketImpl.java:172)
	at java.net.SocksSocketImpl.connect(SocksSocketImpl.java:392)
	at java.net.Socket.connect(Socket.java:613)
	at sun.net.NetworkClient.doConnect(NetworkClient.java:175)
	at sun.net.www.http.HttpClient.openServer(HttpClient.java:463)
	at sun.net.www.http.HttpClient.openServer(HttpClient.java:558)
	at sun.net.www.http.HttpClient.<init>(HttpClient.java:242)
	at sun.net.www.http.HttpClient.New(HttpClient.java:339)
	at sun.net.www.http.HttpClient.New(HttpClient.java:357)
	at sun.net.www.protocol.http.HttpURLConnection.getNewHttpClient(HttpURLConnection.java:1233)
	at sun.net.www.protocol.http.HttpURLConnection.plainConnect0(HttpURLConnection.java:1167)
	at sun.net.www.protocol.http.HttpURLConnection.plainConnect(HttpURLConnection.java:1061)
	at sun.net.www.protocol.http.HttpURLConnection.connect(HttpURLConnection.java:995)
	at htmlparser.HttpURLParser.getHttpURLContent(HttpURLParser.java:78)
	at domainvalidator.WOUTTHR.manage(WOUTTHR.java:112)
	at domainvalidator.DomainValidator.main(DomainValidator.java:278)
2022-01-28 11:09:40,732 - org.apache.log4j.helpers.Loader - INFO - 7136-Status 2 Updated for Domain Input Table in DomainInput
2022-01-28 11:09:40,732 - org.apache.log4j.helpers.Loader - INFO - {"pid":7136,"bot_name":"DomainValidator - V1.0","time":"01282022110940IST","stage":"In Progress ","status":"0","logMessage":"Status 2 Updated for Domain Input Table in DomainInput","processed_IP":null,"ref_id":null,"batchId":null,"access_Token":null,"uid":null,"batchName":null,"site_id":null,"platform_Response":null}
2022-01-28 11:09:40,748 - org.apache.log4j.helpers.Loader - INFO - {"pid":7136,"bot_name":"DomainValidator - V1.0","time":"01282022110940IST","stage":"Bot Termination","status":"0","logMessage":"Time taken for Article download:57 seconds","processed_IP":null,"ref_id":null,"batchId":null,"access_Token":null,"uid":null,"batchName":null,"site_id":null,"platform_Response":null}
2022-01-28 11:09:40,748 - org.apache.log4j.helpers.Loader - INFO - {"pid":7136,"bot_name":"DomainValidator - V1.0","time":"01282022110940IST","stage":"Bot Termination","status":"0","logMessage":"Time taken for Article download:0 mins","processed_IP":null,"ref_id":null,"batchId":null,"access_Token":null,"uid":null,"batchName":null,"site_id":null,"platform_Response":null}
2022-01-28 11:09:40,748 - org.apache.log4j.helpers.Loader - INFO - 7136-Process Completed Successfully....
2022-01-28 11:09:40,748 - org.apache.log4j.helpers.Loader - INFO - {"pid":7136,"bot_name":"DomainValidator - V1.0","time":"01282022110940IST","stage":"Bot Termination","status":"0","logMessage":"Process Completed Successfully.... ","processed_IP":null,"ref_id":null,"batchId":null,"access_Token":null,"uid":null,"batchName":null,"site_id":null,"platform_Response":null}
2022-01-28 11:19:01,889 - org.apache.log4j.helpers.Loader - INFO - 1180-DB Connected. Bot Initiated Successfully....
2022-01-28 11:19:02,244 - org.apache.log4j.helpers.Loader - INFO - {"pid":1180,"bot_name":"DomainValidator - V1.0","time":"01282022111901IST","status":"0","stage":"Bot Initiation","logMessage":"DB Connected. Bot Initiated Successfully.... ","batchName":null,"ref_id":null,"processed_IP":null,"site_id":null,"batchId":null,"uid":null,"access_Token":null,"platform_Response":null}
2022-01-28 11:19:02,444 - org.apache.log4j.helpers.Loader - INFO - 1180-Process Started Successfully....
2022-01-28 11:19:02,444 - org.apache.log4j.helpers.Loader - INFO - {"pid":1180,"bot_name":"DomainValidator - V1.0","time":"01282022111902IST","status":"0","stage":"In Progress","logMessage":"Process in Execution Successfully.... ","batchName":null,"ref_id":null,"processed_IP":null,"site_id":null,"batchId":null,"uid":null,"access_Token":null,"platform_Response":null}
2022-01-28 11:19:03,764 - org.apache.log4j.helpers.Loader - INFO - 1180-Status 1 Updated for Domain Input Table in DomainInput
2022-01-28 11:19:03,764 - org.apache.log4j.helpers.Loader - INFO - {"pid":1180,"bot_name":"DomainValidator - V1.0","time":"01282022111903IST","status":"0","stage":"In Progress ","logMessage":"Status 1 Updated for Domain Input Table in DomainInput","batchName":null,"ref_id":null,"processed_IP":null,"site_id":null,"batchId":null,"uid":null,"access_Token":null,"platform_Response":null}
2022-01-28 11:19:03,764 - org.apache.log4j.helpers.Loader - INFO - 1180-Process Started Successfully....
2022-01-28 11:19:03,764 - org.apache.log4j.helpers.Loader - INFO - {"pid":1180,"bot_name":"DomainValidator - V1.0","time":"01282022111903IST","status":"0","stage":"In Progress","logMessage":"Process in Execution Successfully.... ","batchName":null,"ref_id":null,"processed_IP":null,"site_id":null,"batchId":null,"uid":null,"access_Token":null,"platform_Response":null}
2022-01-28 11:19:10,772 - org.apache.log4j.helpers.Loader - INFO - 1180-Status 1 Updated for Domain Input Table in DomainInput
2022-01-28 11:19:10,772 - org.apache.log4j.helpers.Loader - INFO - {"pid":1180,"bot_name":"DomainValidator - V1.0","time":"01282022111910IST","status":"0","stage":"In Progress ","logMessage":"Status 1 Updated for Domain Input Table in DomainInput","batchName":null,"ref_id":null,"processed_IP":null,"site_id":null,"batchId":null,"uid":null,"access_Token":null,"platform_Response":null}
2022-01-28 11:19:10,788 - org.apache.log4j.helpers.Loader - INFO - 1180-Process Started Successfully....
2022-01-28 11:19:10,788 - org.apache.log4j.helpers.Loader - INFO - {"pid":1180,"bot_name":"DomainValidator - V1.0","time":"01282022111910IST","status":"0","stage":"In Progress","logMessage":"Process in Execution Successfully.... ","batchName":null,"ref_id":null,"processed_IP":null,"site_id":null,"batchId":null,"uid":null,"access_Token":null,"platform_Response":null}
2022-01-28 11:19:11,892 - htmlparser.HttpURLParser - ERROR - getHttpURLContent()
java.io.IOException: Server returned HTTP response code: 500 for URL: http://www.cragofarms.com
	at sun.reflect.NativeConstructorAccessorImpl.newInstance0(Native Method)
	at sun.reflect.NativeConstructorAccessorImpl.newInstance(NativeConstructorAccessorImpl.java:62)
	at sun.reflect.DelegatingConstructorAccessorImpl.newInstance(DelegatingConstructorAccessorImpl.java:45)
	at java.lang.reflect.Constructor.newInstance(Constructor.java:423)
	at sun.net.www.protocol.http.HttpURLConnection$10.run(HttpURLConnection.java:1967)
	at sun.net.www.protocol.http.HttpURLConnection$10.run(HttpURLConnection.java:1962)
	at java.security.AccessController.doPrivileged(Native Method)
	at sun.net.www.protocol.http.HttpURLConnection.getChainedException(HttpURLConnection.java:1961)
	at sun.net.www.protocol.http.HttpURLConnection.getInputStream0(HttpURLConnection.java:1521)
	at sun.net.www.protocol.http.HttpURLConnection.getInputStream(HttpURLConnection.java:1505)
	at htmlparser.HttpURLParser.getHttpURLContent(HttpURLParser.java:95)
	at domainvalidator.WOUTTHR.manage(WOUTTHR.java:113)
	at domainvalidator.DomainValidator.main(DomainValidator.java:278)
Caused by: java.io.IOException: Server returned HTTP response code: 500 for URL: http://www.cragofarms.com
	at sun.net.www.protocol.http.HttpURLConnection.getInputStream0(HttpURLConnection.java:1917)
	at sun.net.www.protocol.http.HttpURLConnection.getInputStream(HttpURLConnection.java:1505)
	at java.net.HttpURLConnection.getResponseCode(HttpURLConnection.java:480)
	at htmlparser.HttpURLParser.getHttpURLContent(HttpURLParser.java:81)
	... 2 more
2022-01-28 11:19:11,923 - org.apache.log4j.helpers.Loader - INFO - 1180-Status 2 Updated for Domain Input Table in DomainInput
2022-01-28 11:19:11,938 - org.apache.log4j.helpers.Loader - INFO - {"pid":1180,"bot_name":"DomainValidator - V1.0","time":"01282022111911IST","status":"0","stage":"In Progress ","logMessage":"Status 2 Updated for Domain Input Table in DomainInput","batchName":null,"ref_id":null,"processed_IP":null,"site_id":null,"batchId":null,"uid":null,"access_Token":null,"platform_Response":null}
2022-01-28 11:19:11,954 - org.apache.log4j.helpers.Loader - INFO - 1180-Process Started Successfully....
2022-01-28 11:19:11,954 - org.apache.log4j.helpers.Loader - INFO - {"pid":1180,"bot_name":"DomainValidator - V1.0","time":"01282022111911IST","status":"0","stage":"In Progress","logMessage":"Process in Execution Successfully.... ","batchName":null,"ref_id":null,"processed_IP":null,"site_id":null,"batchId":null,"uid":null,"access_Token":null,"platform_Response":null}
2022-01-28 11:19:14,847 - org.apache.log4j.helpers.Loader - INFO - 1180-Status 1 Updated for Domain Input Table in DomainInput
2022-01-28 11:19:14,847 - org.apache.log4j.helpers.Loader - INFO - {"pid":1180,"bot_name":"DomainValidator - V1.0","time":"01282022111914IST","status":"0","stage":"In Progress ","logMessage":"Status 1 Updated for Domain Input Table in DomainInput","batchName":null,"ref_id":null,"processed_IP":null,"site_id":null,"batchId":null,"uid":null,"access_Token":null,"platform_Response":null}
2022-01-28 11:19:14,847 - org.apache.log4j.helpers.Loader - INFO - 1180-Process Started Successfully....
2022-01-28 11:19:14,847 - org.apache.log4j.helpers.Loader - INFO - {"pid":1180,"bot_name":"DomainValidator - V1.0","time":"01282022111914IST","status":"0","stage":"In Progress","logMessage":"Process in Execution Successfully.... ","batchName":null,"ref_id":null,"processed_IP":null,"site_id":null,"batchId":null,"uid":null,"access_Token":null,"platform_Response":null}
2022-01-28 11:19:15,618 - org.apache.log4j.helpers.Loader - INFO - 1180-Status 1 Updated for Domain Input Table in DomainInput
2022-01-28 11:19:15,634 - org.apache.log4j.helpers.Loader - INFO - {"pid":1180,"bot_name":"DomainValidator - V1.0","time":"01282022111915IST","status":"0","stage":"In Progress ","logMessage":"Status 1 Updated for Domain Input Table in DomainInput","batchName":null,"ref_id":null,"processed_IP":null,"site_id":null,"batchId":null,"uid":null,"access_Token":null,"platform_Response":null}
2022-01-28 11:19:15,634 - org.apache.log4j.helpers.Loader - INFO - 1180-Process Started Successfully....
2022-01-28 11:19:15,634 - org.apache.log4j.helpers.Loader - INFO - {"pid":1180,"bot_name":"DomainValidator - V1.0","time":"01282022111915IST","status":"0","stage":"In Progress","logMessage":"Process in Execution Successfully.... ","batchName":null,"ref_id":null,"processed_IP":null,"site_id":null,"batchId":null,"uid":null,"access_Token":null,"platform_Response":null}
2022-01-28 11:19:20,063 - org.apache.log4j.helpers.Loader - INFO - 1180-Status 1 Updated for Domain Input Table in DomainInput
2022-01-28 11:19:20,069 - org.apache.log4j.helpers.Loader - INFO - {"pid":1180,"bot_name":"DomainValidator - V1.0","time":"01282022111920IST","status":"0","stage":"In Progress ","logMessage":"Status 1 Updated for Domain Input Table in DomainInput","batchName":null,"ref_id":null,"processed_IP":null,"site_id":null,"batchId":null,"uid":null,"access_Token":null,"platform_Response":null}
2022-01-28 11:19:20,069 - org.apache.log4j.helpers.Loader - INFO - 1180-Process Started Successfully....
2022-01-28 11:19:20,072 - org.apache.log4j.helpers.Loader - INFO - {"pid":1180,"bot_name":"DomainValidator - V1.0","time":"01282022111920IST","status":"0","stage":"In Progress","logMessage":"Process in Execution Successfully.... ","batchName":null,"ref_id":null,"processed_IP":null,"site_id":null,"batchId":null,"uid":null,"access_Token":null,"platform_Response":null}
2022-01-28 11:19:21,267 - org.apache.log4j.helpers.Loader - INFO - 1180-Status 1 Updated for Domain Input Table in DomainInput
2022-01-28 11:19:21,267 - org.apache.log4j.helpers.Loader - INFO - {"pid":1180,"bot_name":"DomainValidator - V1.0","time":"01282022111921IST","status":"0","stage":"In Progress ","logMessage":"Status 1 Updated for Domain Input Table in DomainInput","batchName":null,"ref_id":null,"processed_IP":null,"site_id":null,"batchId":null,"uid":null,"access_Token":null,"platform_Response":null}
2022-01-28 11:19:21,267 - org.apache.log4j.helpers.Loader - INFO - 1180-Process Started Successfully....
2022-01-28 11:19:21,289 - org.apache.log4j.helpers.Loader - INFO - {"pid":1180,"bot_name":"DomainValidator - V1.0","time":"01282022111921IST","status":"0","stage":"In Progress","logMessage":"Process in Execution Successfully.... ","batchName":null,"ref_id":null,"processed_IP":null,"site_id":null,"batchId":null,"uid":null,"access_Token":null,"platform_Response":null}
2022-01-28 11:19:22,023 - org.apache.log4j.helpers.Loader - INFO - 1180-Status 1 Updated for Domain Input Table in DomainInput
2022-01-28 11:19:22,023 - org.apache.log4j.helpers.Loader - INFO - {"pid":1180,"bot_name":"DomainValidator - V1.0","time":"01282022111922IST","status":"0","stage":"In Progress ","logMessage":"Status 1 Updated for Domain Input Table in DomainInput","batchName":null,"ref_id":null,"processed_IP":null,"site_id":null,"batchId":null,"uid":null,"access_Token":null,"platform_Response":null}
2022-01-28 11:19:22,023 - org.apache.log4j.helpers.Loader - INFO - 1180-Process Started Successfully....
2022-01-28 11:19:22,038 - org.apache.log4j.helpers.Loader - INFO - {"pid":1180,"bot_name":"DomainValidator - V1.0","time":"01282022111922IST","status":"0","stage":"In Progress","logMessage":"Process in Execution Successfully.... ","batchName":null,"ref_id":null,"processed_IP":null,"site_id":null,"batchId":null,"uid":null,"access_Token":null,"platform_Response":null}
2022-01-28 11:19:23,527 - org.apache.log4j.helpers.Loader - INFO - 1180-Status 1 Updated for Domain Input Table in DomainInput
2022-01-28 11:19:23,527 - org.apache.log4j.helpers.Loader - INFO - {"pid":1180,"bot_name":"DomainValidator - V1.0","time":"01282022111923IST","status":"0","stage":"In Progress ","logMessage":"Status 1 Updated for Domain Input Table in DomainInput","batchName":null,"ref_id":null,"processed_IP":null,"site_id":null,"batchId":null,"uid":null,"access_Token":null,"platform_Response":null}
2022-01-28 11:19:23,527 - org.apache.log4j.helpers.Loader - INFO - 1180-Process Started Successfully....
2022-01-28 11:19:23,527 - org.apache.log4j.helpers.Loader - INFO - {"pid":1180,"bot_name":"DomainValidator - V1.0","time":"01282022111923IST","status":"0","stage":"In Progress","logMessage":"Process in Execution Successfully.... ","batchName":null,"ref_id":null,"processed_IP":null,"site_id":null,"batchId":null,"uid":null,"access_Token":null,"platform_Response":null}
2022-01-28 11:19:26,019 - org.apache.log4j.helpers.Loader - INFO - 1180-Status 1 Updated for Domain Input Table in DomainInput
2022-01-28 11:19:26,019 - org.apache.log4j.helpers.Loader - INFO - {"pid":1180,"bot_name":"DomainValidator - V1.0","time":"01282022111926IST","status":"0","stage":"In Progress ","logMessage":"Status 1 Updated for Domain Input Table in DomainInput","batchName":null,"ref_id":null,"processed_IP":null,"site_id":null,"batchId":null,"uid":null,"access_Token":null,"platform_Response":null}
2022-01-28 11:19:26,035 - org.apache.log4j.helpers.Loader - INFO - 1180-Process Started Successfully....
2022-01-28 11:19:26,035 - org.apache.log4j.helpers.Loader - INFO - {"pid":1180,"bot_name":"DomainValidator - V1.0","time":"01282022111926IST","status":"0","stage":"In Progress","logMessage":"Process in Execution Successfully.... ","batchName":null,"ref_id":null,"processed_IP":null,"site_id":null,"batchId":null,"uid":null,"access_Token":null,"platform_Response":null}
2022-01-28 11:19:30,695 - org.apache.log4j.helpers.Loader - INFO - 1180-Status 1 Updated for Domain Input Table in DomainInput
2022-01-28 11:19:30,695 - org.apache.log4j.helpers.Loader - INFO - {"pid":1180,"bot_name":"DomainValidator - V1.0","time":"01282022111930IST","status":"0","stage":"In Progress ","logMessage":"Status 1 Updated for Domain Input Table in DomainInput","batchName":null,"ref_id":null,"processed_IP":null,"site_id":null,"batchId":null,"uid":null,"access_Token":null,"platform_Response":null}
2022-01-28 11:19:30,695 - org.apache.log4j.helpers.Loader - INFO - 1180-Process Started Successfully....
2022-01-28 11:19:30,695 - org.apache.log4j.helpers.Loader - INFO - {"pid":1180,"bot_name":"DomainValidator - V1.0","time":"01282022111930IST","status":"0","stage":"In Progress","logMessage":"Process in Execution Successfully.... ","batchName":null,"ref_id":null,"processed_IP":null,"site_id":null,"batchId":null,"uid":null,"access_Token":null,"platform_Response":null}
2022-01-28 11:19:33,999 - org.apache.log4j.helpers.Loader - INFO - 1180-Status 1 Updated for Domain Input Table in DomainInput
2022-01-28 11:19:33,999 - org.apache.log4j.helpers.Loader - INFO - {"pid":1180,"bot_name":"DomainValidator - V1.0","time":"01282022111933IST","status":"0","stage":"In Progress ","logMessage":"Status 1 Updated for Domain Input Table in DomainInput","batchName":null,"ref_id":null,"processed_IP":null,"site_id":null,"batchId":null,"uid":null,"access_Token":null,"platform_Response":null}
2022-01-28 11:19:33,999 - org.apache.log4j.helpers.Loader - INFO - 1180-Process Started Successfully....
2022-01-28 11:19:33,999 - org.apache.log4j.helpers.Loader - INFO - {"pid":1180,"bot_name":"DomainValidator - V1.0","time":"01282022111933IST","status":"0","stage":"In Progress","logMessage":"Process in Execution Successfully.... ","batchName":null,"ref_id":null,"processed_IP":null,"site_id":null,"batchId":null,"uid":null,"access_Token":null,"platform_Response":null}
2022-01-28 11:19:36,717 - org.apache.log4j.helpers.Loader - INFO - 1180-Status 1 Updated for Domain Input Table in DomainInput
2022-01-28 11:19:36,732 - org.apache.log4j.helpers.Loader - INFO - {"pid":1180,"bot_name":"DomainValidator - V1.0","time":"01282022111936IST","status":"0","stage":"In Progress ","logMessage":"Status 1 Updated for Domain Input Table in DomainInput","batchName":null,"ref_id":null,"processed_IP":null,"site_id":null,"batchId":null,"uid":null,"access_Token":null,"platform_Response":null}
2022-01-28 11:19:36,732 - org.apache.log4j.helpers.Loader - INFO - 1180-Process Started Successfully....
2022-01-28 11:19:36,732 - org.apache.log4j.helpers.Loader - INFO - {"pid":1180,"bot_name":"DomainValidator - V1.0","time":"01282022111936IST","status":"0","stage":"In Progress","logMessage":"Process in Execution Successfully.... ","batchName":null,"ref_id":null,"processed_IP":null,"site_id":null,"batchId":null,"uid":null,"access_Token":null,"platform_Response":null}
2022-01-28 11:19:38,801 - org.apache.log4j.helpers.Loader - INFO - 1180-Status 1 Updated for Domain Input Table in DomainInput
2022-01-28 11:19:38,801 - org.apache.log4j.helpers.Loader - INFO - {"pid":1180,"bot_name":"DomainValidator - V1.0","time":"01282022111938IST","status":"0","stage":"In Progress ","logMessage":"Status 1 Updated for Domain Input Table in DomainInput","batchName":null,"ref_id":null,"processed_IP":null,"site_id":null,"batchId":null,"uid":null,"access_Token":null,"platform_Response":null}
2022-01-28 11:19:38,801 - org.apache.log4j.helpers.Loader - INFO - 1180-Process Started Successfully....
2022-01-28 11:19:38,816 - org.apache.log4j.helpers.Loader - INFO - {"pid":1180,"bot_name":"DomainValidator - V1.0","time":"01282022111938IST","status":"0","stage":"In Progress","logMessage":"Process in Execution Successfully.... ","batchName":null,"ref_id":null,"processed_IP":null,"site_id":null,"batchId":null,"uid":null,"access_Token":null,"platform_Response":null}
2022-01-28 11:19:42,324 - org.apache.log4j.helpers.Loader - INFO - 1180-Status 1 Updated for Domain Input Table in DomainInput
2022-01-28 11:19:42,324 - org.apache.log4j.helpers.Loader - INFO - {"pid":1180,"bot_name":"DomainValidator - V1.0","time":"01282022111942IST","status":"0","stage":"In Progress ","logMessage":"Status 1 Updated for Domain Input Table in DomainInput","batchName":null,"ref_id":null,"processed_IP":null,"site_id":null,"batchId":null,"uid":null,"access_Token":null,"platform_Response":null}
2022-01-28 11:19:42,324 - org.apache.log4j.helpers.Loader - INFO - 1180-Process Started Successfully....
2022-01-28 11:19:42,324 - org.apache.log4j.helpers.Loader - INFO - {"pid":1180,"bot_name":"DomainValidator - V1.0","time":"01282022111942IST","status":"0","stage":"In Progress","logMessage":"Process in Execution Successfully.... ","batchName":null,"ref_id":null,"processed_IP":null,"site_id":null,"batchId":null,"uid":null,"access_Token":null,"platform_Response":null}
2022-01-28 11:19:47,093 - org.apache.log4j.helpers.Loader - INFO - 1180-Status 1 Updated for Domain Input Table in DomainInput
2022-01-28 11:19:47,093 - org.apache.log4j.helpers.Loader - INFO - {"pid":1180,"bot_name":"DomainValidator - V1.0","time":"01282022111947IST","status":"0","stage":"In Progress ","logMessage":"Status 1 Updated for Domain Input Table in DomainInput","batchName":null,"ref_id":null,"processed_IP":null,"site_id":null,"batchId":null,"uid":null,"access_Token":null,"platform_Response":null}
2022-01-28 11:19:47,093 - org.apache.log4j.helpers.Loader - INFO - 1180-Process Started Successfully....
2022-01-28 11:19:47,093 - org.apache.log4j.helpers.Loader - INFO - {"pid":1180,"bot_name":"DomainValidator - V1.0","time":"01282022111947IST","status":"0","stage":"In Progress","logMessage":"Process in Execution Successfully.... ","batchName":null,"ref_id":null,"processed_IP":null,"site_id":null,"batchId":null,"uid":null,"access_Token":null,"platform_Response":null}
2022-01-28 11:19:52,128 - htmlparser.HttpURLParser - ERROR - getHttpURLContent()
java.net.SocketTimeoutException: connect timed out
	at java.net.DualStackPlainSocketImpl.waitForConnect(Native Method)
	at java.net.DualStackPlainSocketImpl.socketConnect(DualStackPlainSocketImpl.java:85)
	at java.net.AbstractPlainSocketImpl.doConnect(AbstractPlainSocketImpl.java:350)
	at java.net.AbstractPlainSocketImpl.connectToAddress(AbstractPlainSocketImpl.java:206)
	at java.net.AbstractPlainSocketImpl.connect(AbstractPlainSocketImpl.java:188)
	at java.net.PlainSocketImpl.connect(PlainSocketImpl.java:172)
	at java.net.SocksSocketImpl.connect(SocksSocketImpl.java:392)
	at java.net.Socket.connect(Socket.java:613)
	at sun.net.NetworkClient.doConnect(NetworkClient.java:175)
	at sun.net.www.http.HttpClient.openServer(HttpClient.java:463)
	at sun.net.www.http.HttpClient.openServer(HttpClient.java:558)
	at sun.net.www.http.HttpClient.<init>(HttpClient.java:242)
	at sun.net.www.http.HttpClient.New(HttpClient.java:339)
	at sun.net.www.http.HttpClient.New(HttpClient.java:357)
	at sun.net.www.protocol.http.HttpURLConnection.getNewHttpClient(HttpURLConnection.java:1233)
	at sun.net.www.protocol.http.HttpURLConnection.plainConnect0(HttpURLConnection.java:1167)
	at sun.net.www.protocol.http.HttpURLConnection.plainConnect(HttpURLConnection.java:1061)
	at sun.net.www.protocol.http.HttpURLConnection.connect(HttpURLConnection.java:995)
	at htmlparser.HttpURLParser.getHttpURLContent(HttpURLParser.java:78)
	at domainvalidator.WOUTTHR.manage(WOUTTHR.java:113)
	at domainvalidator.DomainValidator.main(DomainValidator.java:278)
2022-01-28 11:19:52,165 - org.apache.log4j.helpers.Loader - INFO - 1180-Status 2 Updated for Domain Input Table in DomainInput
2022-01-28 11:19:52,165 - org.apache.log4j.helpers.Loader - INFO - {"pid":1180,"bot_name":"DomainValidator - V1.0","time":"01282022111952IST","status":"0","stage":"In Progress ","logMessage":"Status 2 Updated for Domain Input Table in DomainInput","batchName":null,"ref_id":null,"processed_IP":null,"site_id":null,"batchId":null,"uid":null,"access_Token":null,"platform_Response":null}
2022-01-28 11:19:52,165 - org.apache.log4j.helpers.Loader - INFO - {"pid":1180,"bot_name":"DomainValidator - V1.0","time":"01282022111952IST","status":"0","stage":"Bot Termination","logMessage":"Time taken for Article download:51 seconds","batchName":null,"ref_id":null,"processed_IP":null,"site_id":null,"batchId":null,"uid":null,"access_Token":null,"platform_Response":null}
2022-01-28 11:19:52,165 - org.apache.log4j.helpers.Loader - INFO - {"pid":1180,"bot_name":"DomainValidator - V1.0","time":"01282022111952IST","status":"0","stage":"Bot Termination","logMessage":"Time taken for Article download:0 mins","batchName":null,"ref_id":null,"processed_IP":null,"site_id":null,"batchId":null,"uid":null,"access_Token":null,"platform_Response":null}
2022-01-28 11:19:52,165 - org.apache.log4j.helpers.Loader - INFO - 1180-Process Completed Successfully....
2022-01-28 11:19:52,181 - org.apache.log4j.helpers.Loader - INFO - {"pid":1180,"bot_name":"DomainValidator - V1.0","time":"01282022111952IST","status":"0","stage":"Bot Termination","logMessage":"Process Completed Successfully.... ","batchName":null,"ref_id":null,"processed_IP":null,"site_id":null,"batchId":null,"uid":null,"access_Token":null,"platform_Response":null}
2022-01-28 11:23:13,348 - org.apache.log4j.helpers.Loader - INFO - 11024-DB Connected. Bot Initiated Successfully....
2022-01-28 11:23:13,790 - org.apache.log4j.helpers.Loader - INFO - {"pid":11024,"bot_name":"DomainValidator - V1.0","time":"01282022112313IST","logMessage":"DB Connected. Bot Initiated Successfully.... ","status":"0","stage":"Bot Initiation","batchId":null,"access_Token":null,"uid":null,"ref_id":null,"site_id":null,"batchName":null,"processed_IP":null,"platform_Response":null}
2022-01-28 11:23:15,242 - org.apache.log4j.helpers.Loader - INFO - 11024-Process Started Successfully....
2022-01-28 11:23:15,242 - org.apache.log4j.helpers.Loader - INFO - {"pid":11024,"bot_name":"DomainValidator - V1.0","time":"01282022112315IST","logMessage":"Process in Execution Successfully.... ","status":"0","stage":"In Progress","batchId":null,"access_Token":null,"uid":null,"ref_id":null,"site_id":null,"batchName":null,"processed_IP":null,"platform_Response":null}
2022-01-28 11:25:05,947 - org.apache.log4j.helpers.Loader - INFO - 12352-DB Connected. Bot Initiated Successfully....
2022-01-28 11:25:06,379 - org.apache.log4j.helpers.Loader - INFO - {"pid":12352,"bot_name":"DomainValidator - V1.0","time":"01282022112505IST","stage":"Bot Initiation","logMessage":"DB Connected. Bot Initiated Successfully.... ","status":"0","platform_Response":null,"uid":null,"batchId":null,"processed_IP":null,"batchName":null,"site_id":null,"access_Token":null,"ref_id":null}
2022-01-28 11:25:07,536 - org.apache.log4j.helpers.Loader - INFO - 12352-Process Started Successfully....
2022-01-28 11:25:07,552 - org.apache.log4j.helpers.Loader - INFO - {"pid":12352,"bot_name":"DomainValidator - V1.0","time":"01282022112507IST","stage":"In Progress","logMessage":"Process in Execution Successfully.... ","status":"0","platform_Response":null,"uid":null,"batchId":null,"processed_IP":null,"batchName":null,"site_id":null,"access_Token":null,"ref_id":null}
2022-01-28 11:28:26,426 - org.apache.log4j.helpers.Loader - INFO - 12352-Status 1 Updated for Domain Input Table in DomainInput
2022-01-28 11:28:26,426 - org.apache.log4j.helpers.Loader - INFO - {"pid":12352,"bot_name":"DomainValidator - V1.0","time":"01282022112826IST","stage":"In Progress ","logMessage":"Status 1 Updated for Domain Input Table in DomainInput","status":"0","platform_Response":null,"uid":null,"batchId":null,"processed_IP":null,"batchName":null,"site_id":null,"access_Token":null,"ref_id":null}
2022-01-28 11:28:30,885 - org.apache.log4j.helpers.Loader - INFO - 12352-Process Started Successfully....
2022-01-28 11:28:30,885 - org.apache.log4j.helpers.Loader - INFO - {"pid":12352,"bot_name":"DomainValidator - V1.0","time":"01282022112830IST","stage":"In Progress","logMessage":"Process in Execution Successfully.... ","status":"0","platform_Response":null,"uid":null,"batchId":null,"processed_IP":null,"batchName":null,"site_id":null,"access_Token":null,"ref_id":null}
2022-01-28 11:31:43,422 - org.apache.log4j.helpers.Loader - INFO - 12352-Status 1 Updated for Domain Input Table in DomainInput
2022-01-28 11:31:43,426 - org.apache.log4j.helpers.Loader - INFO - {"pid":12352,"bot_name":"DomainValidator - V1.0","time":"01282022113143IST","stage":"In Progress ","logMessage":"Status 1 Updated for Domain Input Table in DomainInput","status":"0","platform_Response":null,"uid":null,"batchId":null,"processed_IP":null,"batchName":null,"site_id":null,"access_Token":null,"ref_id":null}
2022-01-28 11:31:45,278 - org.apache.log4j.helpers.Loader - INFO - 12352-Process Started Successfully....
2022-01-28 11:31:45,282 - org.apache.log4j.helpers.Loader - INFO - {"pid":12352,"bot_name":"DomainValidator - V1.0","time":"01282022113145IST","stage":"In Progress","logMessage":"Process in Execution Successfully.... ","status":"0","platform_Response":null,"uid":null,"batchId":null,"processed_IP":null,"batchName":null,"site_id":null,"access_Token":null,"ref_id":null}
2022-01-28 11:31:58,586 - htmlparser.HttpURLParser - ERROR - getHttpURLContent()
java.net.SocketTimeoutException: connect timed out
	at java.net.DualStackPlainSocketImpl.waitForConnect(Native Method)
	at java.net.DualStackPlainSocketImpl.socketConnect(DualStackPlainSocketImpl.java:85)
	at java.net.AbstractPlainSocketImpl.doConnect(AbstractPlainSocketImpl.java:350)
	at java.net.AbstractPlainSocketImpl.connectToAddress(AbstractPlainSocketImpl.java:206)
	at java.net.AbstractPlainSocketImpl.connect(AbstractPlainSocketImpl.java:188)
	at java.net.PlainSocketImpl.connect(PlainSocketImpl.java:172)
	at java.net.SocksSocketImpl.connect(SocksSocketImpl.java:392)
	at java.net.Socket.connect(Socket.java:613)
	at sun.net.NetworkClient.doConnect(NetworkClient.java:175)
	at sun.net.www.http.HttpClient.openServer(HttpClient.java:463)
	at sun.net.www.http.HttpClient.openServer(HttpClient.java:558)
	at sun.net.www.http.HttpClient.<init>(HttpClient.java:242)
	at sun.net.www.http.HttpClient.New(HttpClient.java:339)
	at sun.net.www.http.HttpClient.New(HttpClient.java:357)
	at sun.net.www.protocol.http.HttpURLConnection.getNewHttpClient(HttpURLConnection.java:1233)
	at sun.net.www.protocol.http.HttpURLConnection.plainConnect0(HttpURLConnection.java:1167)
	at sun.net.www.protocol.http.HttpURLConnection.plainConnect(HttpURLConnection.java:1061)
	at sun.net.www.protocol.http.HttpURLConnection.connect(HttpURLConnection.java:995)
	at htmlparser.HttpURLParser.getHttpURLContent(HttpURLParser.java:78)
	at domainvalidator.WOUTTHR.manage(WOUTTHR.java:113)
	at domainvalidator.DomainValidator.main(DomainValidator.java:278)
2022-01-28 11:31:58,649 - org.apache.log4j.helpers.Loader - INFO - 12352-Status 2 Updated for Domain Input Table in DomainInput
2022-01-28 11:31:58,655 - org.apache.log4j.helpers.Loader - INFO - {"pid":12352,"bot_name":"DomainValidator - V1.0","time":"01282022113158IST","stage":"In Progress ","logMessage":"Status 2 Updated for Domain Input Table in DomainInput","status":"0","platform_Response":null,"uid":null,"batchId":null,"processed_IP":null,"batchName":null,"site_id":null,"access_Token":null,"ref_id":null}
2022-01-28 11:31:58,655 - org.apache.log4j.helpers.Loader - INFO - {"pid":12352,"bot_name":"DomainValidator - V1.0","time":"01282022113158IST","stage":"Bot Termination","logMessage":"Time taken for Article download:420 seconds","status":"0","platform_Response":null,"uid":null,"batchId":null,"processed_IP":null,"batchName":null,"site_id":null,"access_Token":null,"ref_id":null}
2022-01-28 11:31:58,655 - org.apache.log4j.helpers.Loader - INFO - {"pid":12352,"bot_name":"DomainValidator - V1.0","time":"01282022113158IST","stage":"Bot Termination","logMessage":"Time taken for Article download:7 mins","status":"0","platform_Response":null,"uid":null,"batchId":null,"processed_IP":null,"batchName":null,"site_id":null,"access_Token":null,"ref_id":null}
2022-01-28 11:31:58,655 - org.apache.log4j.helpers.Loader - INFO - 12352-Process Completed Successfully....
2022-01-28 11:31:58,655 - org.apache.log4j.helpers.Loader - INFO - {"pid":12352,"bot_name":"DomainValidator - V1.0","time":"01282022113158IST","stage":"Bot Termination","logMessage":"Process Completed Successfully.... ","status":"0","platform_Response":null,"uid":null,"batchId":null,"processed_IP":null,"batchName":null,"site_id":null,"access_Token":null,"ref_id":null}
2022-01-28 11:32:45,086 - org.apache.log4j.helpers.Loader - INFO - 4604-DB Connected. Bot Initiated Successfully....
2022-01-28 11:32:45,425 - org.apache.log4j.helpers.Loader - INFO - {"pid":4604,"bot_name":"DomainValidator - V1.0","time":"01282022113245IST","status":"0","stage":"Bot Initiation","logMessage":"DB Connected. Bot Initiated Successfully.... ","platform_Response":null,"uid":null,"batchId":null,"site_id":null,"batchName":null,"processed_IP":null,"access_Token":null,"ref_id":null}
2022-01-28 11:32:45,625 - org.apache.log4j.helpers.Loader - INFO - 4604-Process Started Successfully....
2022-01-28 11:32:45,625 - org.apache.log4j.helpers.Loader - INFO - {"pid":4604,"bot_name":"DomainValidator - V1.0","time":"01282022113245IST","status":"0","stage":"In Progress","logMessage":"Process in Execution Successfully.... ","platform_Response":null,"uid":null,"batchId":null,"site_id":null,"batchName":null,"processed_IP":null,"access_Token":null,"ref_id":null}
2022-01-28 11:32:46,713 - org.apache.log4j.helpers.Loader - INFO - 4604-Status 1 Updated for Domain Input Table in DomainInput
2022-01-28 11:32:46,729 - org.apache.log4j.helpers.Loader - INFO - {"pid":4604,"bot_name":"DomainValidator - V1.0","time":"01282022113246IST","status":"0","stage":"In Progress ","logMessage":"Status 1 Updated for Domain Input Table in DomainInput","platform_Response":null,"uid":null,"batchId":null,"site_id":null,"batchName":null,"processed_IP":null,"access_Token":null,"ref_id":null}
2022-01-28 11:32:46,729 - org.apache.log4j.helpers.Loader - INFO - 4604-Process Started Successfully....
2022-01-28 11:32:46,729 - org.apache.log4j.helpers.Loader - INFO - {"pid":4604,"bot_name":"DomainValidator - V1.0","time":"01282022113246IST","status":"0","stage":"In Progress","logMessage":"Process in Execution Successfully.... ","platform_Response":null,"uid":null,"batchId":null,"site_id":null,"batchName":null,"processed_IP":null,"access_Token":null,"ref_id":null}
2022-01-28 11:32:50,742 - org.apache.log4j.helpers.Loader - INFO - 4604-Status 1 Updated for Domain Input Table in DomainInput
2022-01-28 11:32:50,742 - org.apache.log4j.helpers.Loader - INFO - {"pid":4604,"bot_name":"DomainValidator - V1.0","time":"01282022113250IST","status":"0","stage":"In Progress ","logMessage":"Status 1 Updated for Domain Input Table in DomainInput","platform_Response":null,"uid":null,"batchId":null,"site_id":null,"batchName":null,"processed_IP":null,"access_Token":null,"ref_id":null}
2022-01-28 11:32:50,742 - org.apache.log4j.helpers.Loader - INFO - 4604-Process Started Successfully....
2022-01-28 11:32:50,757 - org.apache.log4j.helpers.Loader - INFO - {"pid":4604,"bot_name":"DomainValidator - V1.0","time":"01282022113250IST","status":"0","stage":"In Progress","logMessage":"Process in Execution Successfully.... ","platform_Response":null,"uid":null,"batchId":null,"site_id":null,"batchName":null,"processed_IP":null,"access_Token":null,"ref_id":null}
2022-01-28 11:32:51,682 - htmlparser.HttpURLParser - ERROR - getHttpURLContent()
java.io.IOException: Server returned HTTP response code: 500 for URL: http://www.cragofarms.com
	at sun.reflect.NativeConstructorAccessorImpl.newInstance0(Native Method)
	at sun.reflect.NativeConstructorAccessorImpl.newInstance(NativeConstructorAccessorImpl.java:62)
	at sun.reflect.DelegatingConstructorAccessorImpl.newInstance(DelegatingConstructorAccessorImpl.java:45)
	at java.lang.reflect.Constructor.newInstance(Constructor.java:423)
	at sun.net.www.protocol.http.HttpURLConnection$10.run(HttpURLConnection.java:1967)
	at sun.net.www.protocol.http.HttpURLConnection$10.run(HttpURLConnection.java:1962)
	at java.security.AccessController.doPrivileged(Native Method)
	at sun.net.www.protocol.http.HttpURLConnection.getChainedException(HttpURLConnection.java:1961)
	at sun.net.www.protocol.http.HttpURLConnection.getInputStream0(HttpURLConnection.java:1521)
	at sun.net.www.protocol.http.HttpURLConnection.getInputStream(HttpURLConnection.java:1505)
	at htmlparser.HttpURLParser.getHttpURLContent(HttpURLParser.java:95)
	at domainvalidator.WOUTTHR.manage(WOUTTHR.java:113)
	at domainvalidator.DomainValidator.main(DomainValidator.java:278)
Caused by: java.io.IOException: Server returned HTTP response code: 500 for URL: http://www.cragofarms.com
	at sun.net.www.protocol.http.HttpURLConnection.getInputStream0(HttpURLConnection.java:1917)
	at sun.net.www.protocol.http.HttpURLConnection.getInputStream(HttpURLConnection.java:1505)
	at java.net.HttpURLConnection.getResponseCode(HttpURLConnection.java:480)
	at htmlparser.HttpURLParser.getHttpURLContent(HttpURLParser.java:81)
	... 2 more
2022-01-28 11:32:51,713 - org.apache.log4j.helpers.Loader - INFO - 4604-Status 2 Updated for Domain Input Table in DomainInput
2022-01-28 11:32:51,713 - org.apache.log4j.helpers.Loader - INFO - {"pid":4604,"bot_name":"DomainValidator - V1.0","time":"01282022113251IST","status":"0","stage":"In Progress ","logMessage":"Status 2 Updated for Domain Input Table in DomainInput","platform_Response":null,"uid":null,"batchId":null,"site_id":null,"batchName":null,"processed_IP":null,"access_Token":null,"ref_id":null}
2022-01-28 11:32:51,713 - org.apache.log4j.helpers.Loader - INFO - 4604-Process Started Successfully....
2022-01-28 11:32:51,713 - org.apache.log4j.helpers.Loader - INFO - {"pid":4604,"bot_name":"DomainValidator - V1.0","time":"01282022113251IST","status":"0","stage":"In Progress","logMessage":"Process in Execution Successfully.... ","platform_Response":null,"uid":null,"batchId":null,"site_id":null,"batchName":null,"processed_IP":null,"access_Token":null,"ref_id":null}
2022-01-28 11:32:55,638 - org.apache.log4j.helpers.Loader - INFO - 4604-Status 1 Updated for Domain Input Table in DomainInput
2022-01-28 11:32:55,638 - org.apache.log4j.helpers.Loader - INFO - {"pid":4604,"bot_name":"DomainValidator - V1.0","time":"01282022113255IST","status":"0","stage":"In Progress ","logMessage":"Status 1 Updated for Domain Input Table in DomainInput","platform_Response":null,"uid":null,"batchId":null,"site_id":null,"batchName":null,"processed_IP":null,"access_Token":null,"ref_id":null}
2022-01-28 11:32:55,638 - org.apache.log4j.helpers.Loader - INFO - 4604-Process Started Successfully....
2022-01-28 11:32:55,638 - org.apache.log4j.helpers.Loader - INFO - {"pid":4604,"bot_name":"DomainValidator - V1.0","time":"01282022113255IST","status":"0","stage":"In Progress","logMessage":"Process in Execution Successfully.... ","platform_Response":null,"uid":null,"batchId":null,"site_id":null,"batchName":null,"processed_IP":null,"access_Token":null,"ref_id":null}
2022-01-28 11:32:56,510 - org.apache.log4j.helpers.Loader - INFO - 4604-Status 1 Updated for Domain Input Table in DomainInput
2022-01-28 11:32:56,510 - org.apache.log4j.helpers.Loader - INFO - {"pid":4604,"bot_name":"DomainValidator - V1.0","time":"01282022113256IST","status":"0","stage":"In Progress ","logMessage":"Status 1 Updated for Domain Input Table in DomainInput","platform_Response":null,"uid":null,"batchId":null,"site_id":null,"batchName":null,"processed_IP":null,"access_Token":null,"ref_id":null}
2022-01-28 11:32:56,510 - org.apache.log4j.helpers.Loader - INFO - 4604-Process Started Successfully....
2022-01-28 11:32:56,510 - org.apache.log4j.helpers.Loader - INFO - {"pid":4604,"bot_name":"DomainValidator - V1.0","time":"01282022113256IST","status":"0","stage":"In Progress","logMessage":"Process in Execution Successfully.... ","platform_Response":null,"uid":null,"batchId":null,"site_id":null,"batchName":null,"processed_IP":null,"access_Token":null,"ref_id":null}
2022-01-28 11:32:59,281 - org.apache.log4j.helpers.Loader - INFO - 4604-Status 1 Updated for Domain Input Table in DomainInput
2022-01-28 11:32:59,281 - org.apache.log4j.helpers.Loader - INFO - {"pid":4604,"bot_name":"DomainValidator - V1.0","time":"01282022113259IST","status":"0","stage":"In Progress ","logMessage":"Status 1 Updated for Domain Input Table in DomainInput","platform_Response":null,"uid":null,"batchId":null,"site_id":null,"batchName":null,"processed_IP":null,"access_Token":null,"ref_id":null}
2022-01-28 11:32:59,281 - org.apache.log4j.helpers.Loader - INFO - 4604-Process Started Successfully....
2022-01-28 11:32:59,296 - org.apache.log4j.helpers.Loader - INFO - {"pid":4604,"bot_name":"DomainValidator - V1.0","time":"01282022113259IST","status":"0","stage":"In Progress","logMessage":"Process in Execution Successfully.... ","platform_Response":null,"uid":null,"batchId":null,"site_id":null,"batchName":null,"processed_IP":null,"access_Token":null,"ref_id":null}
2022-01-28 11:33:00,384 - org.apache.log4j.helpers.Loader - INFO - 4604-Status 1 Updated for Domain Input Table in DomainInput
2022-01-28 11:33:00,384 - org.apache.log4j.helpers.Loader - INFO - {"pid":4604,"bot_name":"DomainValidator - V1.0","time":"01282022113300IST","status":"0","stage":"In Progress ","logMessage":"Status 1 Updated for Domain Input Table in DomainInput","platform_Response":null,"uid":null,"batchId":null,"site_id":null,"batchName":null,"processed_IP":null,"access_Token":null,"ref_id":null}
2022-01-28 11:33:00,384 - org.apache.log4j.helpers.Loader - INFO - 4604-Process Started Successfully....
2022-01-28 11:33:00,399 - org.apache.log4j.helpers.Loader - INFO - {"pid":4604,"bot_name":"DomainValidator - V1.0","time":"01282022113300IST","status":"0","stage":"In Progress","logMessage":"Process in Execution Successfully.... ","platform_Response":null,"uid":null,"batchId":null,"site_id":null,"batchName":null,"processed_IP":null,"access_Token":null,"ref_id":null}
2022-01-28 11:33:01,023 - org.apache.log4j.helpers.Loader - INFO - 4604-Status 1 Updated for Domain Input Table in DomainInput
2022-01-28 11:33:01,023 - org.apache.log4j.helpers.Loader - INFO - {"pid":4604,"bot_name":"DomainValidator - V1.0","time":"01282022113301IST","status":"0","stage":"In Progress ","logMessage":"Status 1 Updated for Domain Input Table in DomainInput","platform_Response":null,"uid":null,"batchId":null,"site_id":null,"batchName":null,"processed_IP":null,"access_Token":null,"ref_id":null}
2022-01-28 11:33:01,023 - org.apache.log4j.helpers.Loader - INFO - 4604-Process Started Successfully....
2022-01-28 11:33:01,039 - org.apache.log4j.helpers.Loader - INFO - {"pid":4604,"bot_name":"DomainValidator - V1.0","time":"01282022113301IST","status":"0","stage":"In Progress","logMessage":"Process in Execution Successfully.... ","platform_Response":null,"uid":null,"batchId":null,"site_id":null,"batchName":null,"processed_IP":null,"access_Token":null,"ref_id":null}
2022-01-28 11:33:02,273 - org.apache.log4j.helpers.Loader - INFO - 4604-Status 1 Updated for Domain Input Table in DomainInput
2022-01-28 11:33:02,273 - org.apache.log4j.helpers.Loader - INFO - {"pid":4604,"bot_name":"DomainValidator - V1.0","time":"01282022113302IST","status":"0","stage":"In Progress ","logMessage":"Status 1 Updated for Domain Input Table in DomainInput","platform_Response":null,"uid":null,"batchId":null,"site_id":null,"batchName":null,"processed_IP":null,"access_Token":null,"ref_id":null}
2022-01-28 11:33:02,273 - org.apache.log4j.helpers.Loader - INFO - 4604-Process Started Successfully....
2022-01-28 11:33:02,273 - org.apache.log4j.helpers.Loader - INFO - {"pid":4604,"bot_name":"DomainValidator - V1.0","time":"01282022113302IST","status":"0","stage":"In Progress","logMessage":"Process in Execution Successfully.... ","platform_Response":null,"uid":null,"batchId":null,"site_id":null,"batchName":null,"processed_IP":null,"access_Token":null,"ref_id":null}
2022-01-28 11:33:04,563 - org.apache.log4j.helpers.Loader - INFO - 4604-Status 1 Updated for Domain Input Table in DomainInput
2022-01-28 11:33:04,563 - org.apache.log4j.helpers.Loader - INFO - {"pid":4604,"bot_name":"DomainValidator - V1.0","time":"01282022113304IST","status":"0","stage":"In Progress ","logMessage":"Status 1 Updated for Domain Input Table in DomainInput","platform_Response":null,"uid":null,"batchId":null,"site_id":null,"batchName":null,"processed_IP":null,"access_Token":null,"ref_id":null}
2022-01-28 11:33:04,563 - org.apache.log4j.helpers.Loader - INFO - 4604-Process Started Successfully....
2022-01-28 11:33:04,563 - org.apache.log4j.helpers.Loader - INFO - {"pid":4604,"bot_name":"DomainValidator - V1.0","time":"01282022113304IST","status":"0","stage":"In Progress","logMessage":"Process in Execution Successfully.... ","platform_Response":null,"uid":null,"batchId":null,"site_id":null,"batchName":null,"processed_IP":null,"access_Token":null,"ref_id":null}
2022-01-28 11:33:08,691 - org.apache.log4j.helpers.Loader - INFO - 4604-Status 1 Updated for Domain Input Table in DomainInput
2022-01-28 11:33:08,691 - org.apache.log4j.helpers.Loader - INFO - {"pid":4604,"bot_name":"DomainValidator - V1.0","time":"01282022113308IST","status":"0","stage":"In Progress ","logMessage":"Status 1 Updated for Domain Input Table in DomainInput","platform_Response":null,"uid":null,"batchId":null,"site_id":null,"batchName":null,"processed_IP":null,"access_Token":null,"ref_id":null}
2022-01-28 11:33:08,691 - org.apache.log4j.helpers.Loader - INFO - 4604-Process Started Successfully....
2022-01-28 11:33:08,691 - org.apache.log4j.helpers.Loader - INFO - {"pid":4604,"bot_name":"DomainValidator - V1.0","time":"01282022113308IST","status":"0","stage":"In Progress","logMessage":"Process in Execution Successfully.... ","platform_Response":null,"uid":null,"batchId":null,"site_id":null,"batchName":null,"processed_IP":null,"access_Token":null,"ref_id":null}
2022-01-28 11:33:11,036 - org.apache.log4j.helpers.Loader - INFO - 4604-Status 1 Updated for Domain Input Table in DomainInput
2022-01-28 11:33:11,036 - org.apache.log4j.helpers.Loader - INFO - {"pid":4604,"bot_name":"DomainValidator - V1.0","time":"01282022113311IST","status":"0","stage":"In Progress ","logMessage":"Status 1 Updated for Domain Input Table in DomainInput","platform_Response":null,"uid":null,"batchId":null,"site_id":null,"batchName":null,"processed_IP":null,"access_Token":null,"ref_id":null}
2022-01-28 11:33:11,036 - org.apache.log4j.helpers.Loader - INFO - 4604-Process Started Successfully....
2022-01-28 11:33:11,036 - org.apache.log4j.helpers.Loader - INFO - {"pid":4604,"bot_name":"DomainValidator - V1.0","time":"01282022113311IST","status":"0","stage":"In Progress","logMessage":"Process in Execution Successfully.... ","platform_Response":null,"uid":null,"batchId":null,"site_id":null,"batchName":null,"processed_IP":null,"access_Token":null,"ref_id":null}
2022-01-28 11:33:14,146 - org.apache.log4j.helpers.Loader - INFO - 4604-Status 1 Updated for Domain Input Table in DomainInput
2022-01-28 11:33:14,146 - org.apache.log4j.helpers.Loader - INFO - {"pid":4604,"bot_name":"DomainValidator - V1.0","time":"01282022113314IST","status":"0","stage":"In Progress ","logMessage":"Status 1 Updated for Domain Input Table in DomainInput","platform_Response":null,"uid":null,"batchId":null,"site_id":null,"batchName":null,"processed_IP":null,"access_Token":null,"ref_id":null}
2022-01-28 11:33:14,146 - org.apache.log4j.helpers.Loader - INFO - 4604-Process Started Successfully....
2022-01-28 11:33:14,146 - org.apache.log4j.helpers.Loader - INFO - {"pid":4604,"bot_name":"DomainValidator - V1.0","time":"01282022113314IST","status":"0","stage":"In Progress","logMessage":"Process in Execution Successfully.... ","platform_Response":null,"uid":null,"batchId":null,"site_id":null,"batchName":null,"processed_IP":null,"access_Token":null,"ref_id":null}
2022-01-28 11:33:15,866 - org.apache.log4j.helpers.Loader - INFO - 4604-Status 1 Updated for Domain Input Table in DomainInput
2022-01-28 11:33:15,866 - org.apache.log4j.helpers.Loader - INFO - {"pid":4604,"bot_name":"DomainValidator - V1.0","time":"01282022113315IST","status":"0","stage":"In Progress ","logMessage":"Status 1 Updated for Domain Input Table in DomainInput","platform_Response":null,"uid":null,"batchId":null,"site_id":null,"batchName":null,"processed_IP":null,"access_Token":null,"ref_id":null}
2022-01-28 11:33:15,866 - org.apache.log4j.helpers.Loader - INFO - 4604-Process Started Successfully....
2022-01-28 11:33:15,866 - org.apache.log4j.helpers.Loader - INFO - {"pid":4604,"bot_name":"DomainValidator - V1.0","time":"01282022113315IST","status":"0","stage":"In Progress","logMessage":"Process in Execution Successfully.... ","platform_Response":null,"uid":null,"batchId":null,"site_id":null,"batchName":null,"processed_IP":null,"access_Token":null,"ref_id":null}
2022-01-28 11:33:19,610 - org.apache.log4j.helpers.Loader - INFO - 4604-Status 1 Updated for Domain Input Table in DomainInput
2022-01-28 11:33:19,610 - org.apache.log4j.helpers.Loader - INFO - {"pid":4604,"bot_name":"DomainValidator - V1.0","time":"01282022113319IST","status":"0","stage":"In Progress ","logMessage":"Status 1 Updated for Domain Input Table in DomainInput","platform_Response":null,"uid":null,"batchId":null,"site_id":null,"batchName":null,"processed_IP":null,"access_Token":null,"ref_id":null}
2022-01-28 11:33:19,610 - org.apache.log4j.helpers.Loader - INFO - 4604-Process Started Successfully....
2022-01-28 11:33:19,610 - org.apache.log4j.helpers.Loader - INFO - {"pid":4604,"bot_name":"DomainValidator - V1.0","time":"01282022113319IST","status":"0","stage":"In Progress","logMessage":"Process in Execution Successfully.... ","platform_Response":null,"uid":null,"batchId":null,"site_id":null,"batchName":null,"processed_IP":null,"access_Token":null,"ref_id":null}
2022-01-28 11:33:25,058 - org.apache.log4j.helpers.Loader - INFO - 4604-Status 1 Updated for Domain Input Table in DomainInput
2022-01-28 11:33:25,058 - org.apache.log4j.helpers.Loader - INFO - {"pid":4604,"bot_name":"DomainValidator - V1.0","time":"01282022113325IST","status":"0","stage":"In Progress ","logMessage":"Status 1 Updated for Domain Input Table in DomainInput","platform_Response":null,"uid":null,"batchId":null,"site_id":null,"batchName":null,"processed_IP":null,"access_Token":null,"ref_id":null}
2022-01-28 11:33:25,058 - org.apache.log4j.helpers.Loader - INFO - 4604-Process Started Successfully....
2022-01-28 11:33:25,058 - org.apache.log4j.helpers.Loader - INFO - {"pid":4604,"bot_name":"DomainValidator - V1.0","time":"01282022113325IST","status":"0","stage":"In Progress","logMessage":"Process in Execution Successfully.... ","platform_Response":null,"uid":null,"batchId":null,"site_id":null,"batchName":null,"processed_IP":null,"access_Token":null,"ref_id":null}
2022-01-28 11:33:30,089 - htmlparser.HttpURLParser - ERROR - getHttpURLContent()
java.net.SocketTimeoutException: connect timed out
	at java.net.DualStackPlainSocketImpl.waitForConnect(Native Method)
	at java.net.DualStackPlainSocketImpl.socketConnect(DualStackPlainSocketImpl.java:85)
	at java.net.AbstractPlainSocketImpl.doConnect(AbstractPlainSocketImpl.java:350)
	at java.net.AbstractPlainSocketImpl.connectToAddress(AbstractPlainSocketImpl.java:206)
	at java.net.AbstractPlainSocketImpl.connect(AbstractPlainSocketImpl.java:188)
	at java.net.PlainSocketImpl.connect(PlainSocketImpl.java:172)
	at java.net.SocksSocketImpl.connect(SocksSocketImpl.java:392)
	at java.net.Socket.connect(Socket.java:613)
	at sun.net.NetworkClient.doConnect(NetworkClient.java:175)
	at sun.net.www.http.HttpClient.openServer(HttpClient.java:463)
	at sun.net.www.http.HttpClient.openServer(HttpClient.java:558)
	at sun.net.www.http.HttpClient.<init>(HttpClient.java:242)
	at sun.net.www.http.HttpClient.New(HttpClient.java:339)
	at sun.net.www.http.HttpClient.New(HttpClient.java:357)
	at sun.net.www.protocol.http.HttpURLConnection.getNewHttpClient(HttpURLConnection.java:1233)
	at sun.net.www.protocol.http.HttpURLConnection.plainConnect0(HttpURLConnection.java:1167)
	at sun.net.www.protocol.http.HttpURLConnection.plainConnect(HttpURLConnection.java:1061)
	at sun.net.www.protocol.http.HttpURLConnection.connect(HttpURLConnection.java:995)
	at htmlparser.HttpURLParser.getHttpURLContent(HttpURLParser.java:78)
	at domainvalidator.WOUTTHR.manage(WOUTTHR.java:113)
	at domainvalidator.DomainValidator.main(DomainValidator.java:278)
2022-01-28 11:33:30,096 - org.apache.log4j.helpers.Loader - INFO - 4604-Status 2 Updated for Domain Input Table in DomainInput
2022-01-28 11:33:30,096 - org.apache.log4j.helpers.Loader - INFO - {"pid":4604,"bot_name":"DomainValidator - V1.0","time":"01282022113330IST","status":"0","stage":"In Progress ","logMessage":"Status 2 Updated for Domain Input Table in DomainInput","platform_Response":null,"uid":null,"batchId":null,"site_id":null,"batchName":null,"processed_IP":null,"access_Token":null,"ref_id":null}
2022-01-28 11:33:30,111 - org.apache.log4j.helpers.Loader - INFO - {"pid":4604,"bot_name":"DomainValidator - V1.0","time":"01282022113330IST","status":"0","stage":"Bot Termination","logMessage":"Time taken for Article download:46 seconds","platform_Response":null,"uid":null,"batchId":null,"site_id":null,"batchName":null,"processed_IP":null,"access_Token":null,"ref_id":null}
2022-01-28 11:33:30,111 - org.apache.log4j.helpers.Loader - INFO - {"pid":4604,"bot_name":"DomainValidator - V1.0","time":"01282022113330IST","status":"0","stage":"Bot Termination","logMessage":"Time taken for Article download:0 mins","platform_Response":null,"uid":null,"batchId":null,"site_id":null,"batchName":null,"processed_IP":null,"access_Token":null,"ref_id":null}
2022-01-28 11:33:30,111 - org.apache.log4j.helpers.Loader - INFO - 4604-Process Completed Successfully....
2022-01-28 11:33:30,111 - org.apache.log4j.helpers.Loader - INFO - {"pid":4604,"bot_name":"DomainValidator - V1.0","time":"01282022113330IST","status":"0","stage":"Bot Termination","logMessage":"Process Completed Successfully.... ","platform_Response":null,"uid":null,"batchId":null,"site_id":null,"batchName":null,"processed_IP":null,"access_Token":null,"ref_id":null}
