2022-03-13 12:37:36,894 - org.apache.log4j.helpers.Loader - INFO - 9720-DB Connected. Bot Initiated Successfully....
2022-03-13 12:37:37,570 - org.apache.log4j.helpers.Loader - INFO - {"pid":9720,"bot_name":"DomainValidator - V1.0","time":"03132022123736IST","status":"0","stage":"Bot Initiation","logMessage":"DB Connected. Bot Initiated Successfully.... ","platform_Response":null,"site_id":null,"processed_IP":null,"uid":null,"access_Token":null,"ref_id":null,"batchName":null,"batchId":null}
2022-03-13 12:37:38,289 - org.apache.log4j.helpers.Loader - INFO - 9720-Process Started Successfully....
2022-03-13 12:37:38,305 - org.apache.log4j.helpers.Loader - INFO - {"pid":9720,"bot_name":"DomainValidator - V1.0","time":"03132022123738IST","status":"0","stage":"In Progress","logMessage":"Process in Execution Successfully.... ","platform_Response":null,"site_id":null,"processed_IP":null,"uid":null,"access_Token":null,"ref_id":null,"batchName":null,"batchId":null}
2022-03-13 12:37:44,666 - org.apache.log4j.helpers.Loader - INFO - 9720-Status 1 Updated for Domain Input Table in DomainInput
2022-03-13 12:37:44,666 - org.apache.log4j.helpers.Loader - INFO - {"pid":9720,"bot_name":"DomainValidator - V1.0","time":"03132022123744IST","status":"0","stage":"In Progress ","logMessage":"Status 1 Updated for Domain Input Table in DomainInput","platform_Response":null,"site_id":null,"processed_IP":null,"uid":null,"access_Token":null,"ref_id":null,"batchName":null,"batchId":null}
2022-03-13 12:37:44,666 - org.apache.log4j.helpers.Loader - INFO - 9720-Process Started Successfully....
2022-03-13 12:37:44,682 - org.apache.log4j.helpers.Loader - INFO - {"pid":9720,"bot_name":"DomainValidator - V1.0","time":"03132022123744IST","status":"0","stage":"In Progress","logMessage":"Process in Execution Successfully.... ","platform_Response":null,"site_id":null,"processed_IP":null,"uid":null,"access_Token":null,"ref_id":null,"batchName":null,"batchId":null}
2022-03-13 12:37:46,963 - org.apache.log4j.helpers.Loader - INFO - 9720-Status 1 Updated for Domain Input Table in DomainInput
2022-03-13 12:37:46,963 - org.apache.log4j.helpers.Loader - INFO - {"pid":9720,"bot_name":"DomainValidator - V1.0","time":"03132022123746IST","status":"0","stage":"In Progress ","logMessage":"Status 1 Updated for Domain Input Table in DomainInput","platform_Response":null,"site_id":null,"processed_IP":null,"uid":null,"access_Token":null,"ref_id":null,"batchName":null,"batchId":null}
2022-03-13 12:37:46,963 - org.apache.log4j.helpers.Loader - INFO - 9720-Process Started Successfully....
2022-03-13 12:37:46,963 - org.apache.log4j.helpers.Loader - INFO - {"pid":9720,"bot_name":"DomainValidator - V1.0","time":"03132022123746IST","status":"0","stage":"In Progress","logMessage":"Process in Execution Successfully.... ","platform_Response":null,"site_id":null,"processed_IP":null,"uid":null,"access_Token":null,"ref_id":null,"batchName":null,"batchId":null}
2022-03-13 12:37:50,322 - org.apache.log4j.helpers.Loader - INFO - 9720-Status 1 Updated for Domain Input Table in DomainInput
2022-03-13 12:37:50,322 - org.apache.log4j.helpers.Loader - INFO - {"pid":9720,"bot_name":"DomainValidator - V1.0","time":"03132022123750IST","status":"0","stage":"In Progress ","logMessage":"Status 1 Updated for Domain Input Table in DomainInput","platform_Response":null,"site_id":null,"processed_IP":null,"uid":null,"access_Token":null,"ref_id":null,"batchName":null,"batchId":null}
2022-03-13 12:37:50,322 - org.apache.log4j.helpers.Loader - INFO - 9720-Process Started Successfully....
2022-03-13 12:37:50,338 - org.apache.log4j.helpers.Loader - INFO - {"pid":9720,"bot_name":"DomainValidator - V1.0","time":"03132022123750IST","status":"0","stage":"In Progress","logMessage":"Process in Execution Successfully.... ","platform_Response":null,"site_id":null,"processed_IP":null,"uid":null,"access_Token":null,"ref_id":null,"batchName":null,"batchId":null}
2022-03-13 12:37:53,910 - org.apache.log4j.helpers.Loader - INFO - 9720-Status 1 Updated for Domain Input Table in DomainInput
2022-03-13 12:37:53,910 - org.apache.log4j.helpers.Loader - INFO - {"pid":9720,"bot_name":"DomainValidator - V1.0","time":"03132022123753IST","status":"0","stage":"In Progress ","logMessage":"Status 1 Updated for Domain Input Table in DomainInput","platform_Response":null,"site_id":null,"processed_IP":null,"uid":null,"access_Token":null,"ref_id":null,"batchName":null,"batchId":null}
2022-03-13 12:37:53,910 - org.apache.log4j.helpers.Loader - INFO - 9720-Process Started Successfully....
2022-03-13 12:37:53,910 - org.apache.log4j.helpers.Loader - INFO - {"pid":9720,"bot_name":"DomainValidator - V1.0","time":"03132022123753IST","status":"0","stage":"In Progress","logMessage":"Process in Execution Successfully.... ","platform_Response":null,"site_id":null,"processed_IP":null,"uid":null,"access_Token":null,"ref_id":null,"batchName":null,"batchId":null}
2022-03-13 12:37:55,207 - org.apache.log4j.helpers.Loader - INFO - 9720-Status 1 Updated for Domain Input Table in DomainInput
2022-03-13 12:37:55,223 - org.apache.log4j.helpers.Loader - INFO - {"pid":9720,"bot_name":"DomainValidator - V1.0","time":"03132022123755IST","status":"0","stage":"In Progress ","logMessage":"Status 1 Updated for Domain Input Table in DomainInput","platform_Response":null,"site_id":null,"processed_IP":null,"uid":null,"access_Token":null,"ref_id":null,"batchName":null,"batchId":null}
2022-03-13 12:37:55,223 - org.apache.log4j.helpers.Loader - INFO - 9720-Process Started Successfully....
2022-03-13 12:37:55,223 - org.apache.log4j.helpers.Loader - INFO - {"pid":9720,"bot_name":"DomainValidator - V1.0","time":"03132022123755IST","status":"0","stage":"In Progress","logMessage":"Process in Execution Successfully.... ","platform_Response":null,"site_id":null,"processed_IP":null,"uid":null,"access_Token":null,"ref_id":null,"batchName":null,"batchId":null}
2022-03-13 12:37:57,910 - org.apache.log4j.helpers.Loader - INFO - 9720-Status 1 Updated for Domain Input Table in DomainInput
2022-03-13 12:37:57,910 - org.apache.log4j.helpers.Loader - INFO - {"pid":9720,"bot_name":"DomainValidator - V1.0","time":"03132022123757IST","status":"0","stage":"In Progress ","logMessage":"Status 1 Updated for Domain Input Table in DomainInput","platform_Response":null,"site_id":null,"processed_IP":null,"uid":null,"access_Token":null,"ref_id":null,"batchName":null,"batchId":null}
2022-03-13 12:37:57,910 - org.apache.log4j.helpers.Loader - INFO - 9720-Process Started Successfully....
2022-03-13 12:37:57,926 - org.apache.log4j.helpers.Loader - INFO - {"pid":9720,"bot_name":"DomainValidator - V1.0","time":"03132022123757IST","status":"0","stage":"In Progress","logMessage":"Process in Execution Successfully.... ","platform_Response":null,"site_id":null,"processed_IP":null,"uid":null,"access_Token":null,"ref_id":null,"batchName":null,"batchId":null}
2022-03-13 12:37:59,285 - htmlparser.HttpURLParser - ERROR - getHttpURLContent()
java.io.FileNotFoundException: http://leffelectric.com
	at sun.reflect.NativeConstructorAccessorImpl.newInstance0(Native Method)
	at sun.reflect.NativeConstructorAccessorImpl.newInstance(NativeConstructorAccessorImpl.java:62)
	at sun.reflect.DelegatingConstructorAccessorImpl.newInstance(DelegatingConstructorAccessorImpl.java:45)
	at java.lang.reflect.Constructor.newInstance(Constructor.java:423)
	at sun.net.www.protocol.http.HttpURLConnection$10.run(HttpURLConnection.java:1967)
	at sun.net.www.protocol.http.HttpURLConnection$10.run(HttpURLConnection.java:1962)
	at java.security.AccessController.doPrivileged(Native Method)
	at sun.net.www.protocol.http.HttpURLConnection.getChainedException(HttpURLConnection.java:1961)
	at sun.net.www.protocol.http.HttpURLConnection.getInputStream0(HttpURLConnection.java:1521)
	at sun.net.www.protocol.http.HttpURLConnection.getInputStream(HttpURLConnection.java:1505)
	at htmlparser.HttpURLParser.getHttpURLContent(HttpURLParser.java:95)
	at domainvalidator.WOUTTHR.manage(WOUTTHR.java:113)
	at domainvalidator.DomainValidator.main(DomainValidator.java:279)
Caused by: java.io.FileNotFoundException: http://leffelectric.com
	at sun.net.www.protocol.http.HttpURLConnection.getInputStream0(HttpURLConnection.java:1913)
	at sun.net.www.protocol.http.HttpURLConnection.getInputStream(HttpURLConnection.java:1505)
	at java.net.HttpURLConnection.getResponseCode(HttpURLConnection.java:480)
	at htmlparser.HttpURLParser.getHttpURLContent(HttpURLParser.java:81)
	... 2 more
2022-03-13 12:37:59,332 - org.apache.log4j.helpers.Loader - INFO - 9720-Status 2 Updated for Domain Input Table in DomainInput
2022-03-13 12:37:59,332 - org.apache.log4j.helpers.Loader - INFO - {"pid":9720,"bot_name":"DomainValidator - V1.0","time":"03132022123759IST","status":"0","stage":"In Progress ","logMessage":"Status 2 Updated for Domain Input Table in DomainInput","platform_Response":null,"site_id":null,"processed_IP":null,"uid":null,"access_Token":null,"ref_id":null,"batchName":null,"batchId":null}
2022-03-13 12:37:59,332 - org.apache.log4j.helpers.Loader - INFO - 9720-Process Started Successfully....
2022-03-13 12:37:59,347 - org.apache.log4j.helpers.Loader - INFO - {"pid":9720,"bot_name":"DomainValidator - V1.0","time":"03132022123759IST","status":"0","stage":"In Progress","logMessage":"Process in Execution Successfully.... ","platform_Response":null,"site_id":null,"processed_IP":null,"uid":null,"access_Token":null,"ref_id":null,"batchName":null,"batchId":null}
2022-03-13 12:38:08,342 - org.apache.log4j.helpers.Loader - INFO - 9720-Status 1 Updated for Domain Input Table in DomainInput
2022-03-13 12:38:08,342 - org.apache.log4j.helpers.Loader - INFO - {"pid":9720,"bot_name":"DomainValidator - V1.0","time":"03132022123808IST","status":"0","stage":"In Progress ","logMessage":"Status 1 Updated for Domain Input Table in DomainInput","platform_Response":null,"site_id":null,"processed_IP":null,"uid":null,"access_Token":null,"ref_id":null,"batchName":null,"batchId":null}
2022-03-13 12:38:08,342 - org.apache.log4j.helpers.Loader - INFO - 9720-Process Started Successfully....
2022-03-13 12:38:08,358 - org.apache.log4j.helpers.Loader - INFO - {"pid":9720,"bot_name":"DomainValidator - V1.0","time":"03132022123808IST","status":"0","stage":"In Progress","logMessage":"Process in Execution Successfully.... ","platform_Response":null,"site_id":null,"processed_IP":null,"uid":null,"access_Token":null,"ref_id":null,"batchName":null,"batchId":null}
2022-03-13 12:38:09,483 - org.apache.log4j.helpers.Loader - INFO - 9720-Status 1 Updated for Domain Input Table in DomainInput
2022-03-13 12:38:09,483 - org.apache.log4j.helpers.Loader - INFO - {"pid":9720,"bot_name":"DomainValidator - V1.0","time":"03132022123809IST","status":"0","stage":"In Progress ","logMessage":"Status 1 Updated for Domain Input Table in DomainInput","platform_Response":null,"site_id":null,"processed_IP":null,"uid":null,"access_Token":null,"ref_id":null,"batchName":null,"batchId":null}
2022-03-13 12:38:09,483 - org.apache.log4j.helpers.Loader - INFO - 9720-Process Started Successfully....
2022-03-13 12:38:09,498 - org.apache.log4j.helpers.Loader - INFO - {"pid":9720,"bot_name":"DomainValidator - V1.0","time":"03132022123809IST","status":"0","stage":"In Progress","logMessage":"Process in Execution Successfully.... ","platform_Response":null,"site_id":null,"processed_IP":null,"uid":null,"access_Token":null,"ref_id":null,"batchName":null,"batchId":null}
2022-03-13 12:38:19,610 - org.apache.log4j.helpers.Loader - INFO - 9720-Status 1 Updated for Domain Input Table in DomainInput
2022-03-13 12:38:19,610 - org.apache.log4j.helpers.Loader - INFO - {"pid":9720,"bot_name":"DomainValidator - V1.0","time":"03132022123819IST","status":"0","stage":"In Progress ","logMessage":"Status 1 Updated for Domain Input Table in DomainInput","platform_Response":null,"site_id":null,"processed_IP":null,"uid":null,"access_Token":null,"ref_id":null,"batchName":null,"batchId":null}
2022-03-13 12:38:19,618 - org.apache.log4j.helpers.Loader - INFO - {"pid":9720,"bot_name":"DomainValidator - V1.0","time":"03132022123819IST","status":"0","stage":"Bot Termination","logMessage":"Time taken for Article download:45 seconds","platform_Response":null,"site_id":null,"processed_IP":null,"uid":null,"access_Token":null,"ref_id":null,"batchName":null,"batchId":null}
2022-03-13 12:38:19,622 - org.apache.log4j.helpers.Loader - INFO - {"pid":9720,"bot_name":"DomainValidator - V1.0","time":"03132022123819IST","status":"0","stage":"Bot Termination","logMessage":"Time taken for Article download:0 mins","platform_Response":null,"site_id":null,"processed_IP":null,"uid":null,"access_Token":null,"ref_id":null,"batchName":null,"batchId":null}
2022-03-13 12:38:19,622 - org.apache.log4j.helpers.Loader - INFO - 9720-Process Completed Successfully....
2022-03-13 12:38:19,622 - org.apache.log4j.helpers.Loader - INFO - {"pid":9720,"bot_name":"DomainValidator - V1.0","time":"03132022123819IST","status":"0","stage":"Bot Termination","logMessage":"Process Completed Successfully.... ","platform_Response":null,"site_id":null,"processed_IP":null,"uid":null,"access_Token":null,"ref_id":null,"batchName":null,"batchId":null}
